{"level":"info","message":"The connection to database was failed with error: TypeError: this.mysql.createPool is not a function","timestamp":"2024-05-22T15:39:16.024Z"}
{"level":"info","message":"Server running at 3007","timestamp":"2024-05-22T15:39:16.024Z"}
{"level":"info","message":"The connection to database was failed with error: TypeError: this.mysql.createPool is not a function","timestamp":"2024-05-22T15:44:30.653Z"}
{"level":"info","message":"Server running at 3007","timestamp":"2024-05-22T15:44:30.653Z"}
{"level":"info","message":"Server running at 3007","timestamp":"2024-05-22T16:38:46.233Z"}
{"level":"info","message":"Connect to database successfully","timestamp":"2024-05-22T16:38:46.233Z"}
{"level":"info","message":"Connect to database successfully","timestamp":"2024-05-22T16:56:27.687Z"}
{"level":"info","message":"Server running at 3007","timestamp":"2024-05-22T16:56:27.687Z"}
{"level":"info","message":"Connect to database successfully","timestamp":"2024-05-22T16:56:35.919Z"}
{"level":"info","message":"Server running at 3007","timestamp":"2024-05-22T16:56:35.919Z"}
{"level":"info","message":"The connection to database was failed with error: Error: connect ECONNREFUSED ::1:3306","timestamp":"2024-05-23T02:17:54.028Z"}
{"level":"info","message":"Server running at 3007","timestamp":"2024-05-23T02:17:54.028Z"}
{"level":"info","message":"The connection to database was failed with error: Error: connect ECONNREFUSED ::1:3306","timestamp":"2024-05-23T09:43:41.330Z"}
{"level":"info","message":"Server running at 3007","timestamp":"2024-05-23T09:43:41.330Z"}
{"level":"info","message":"The connection to database was failed with error: Error: connect ECONNREFUSED ::1:3306","timestamp":"2024-05-23T09:53:11.343Z"}
{"level":"info","message":"Server running at 3007","timestamp":"2024-05-23T09:53:11.343Z"}
{"level":"info","message":"The connection to database was failed with error: Error: connect ECONNREFUSED ::1:3306","timestamp":"2024-05-23T10:08:51.933Z"}
{"level":"info","message":"Server running at 3007","timestamp":"2024-05-23T10:08:51.933Z"}
{"level":"info","message":"The connection to database was failed with error: Error: connect ECONNREFUSED ::1:3306","timestamp":"2024-05-23T10:08:53.621Z"}
{"level":"info","message":"Server running at 3007","timestamp":"2024-05-23T10:08:53.621Z"}
{"level":"info","message":"The connection to database was failed with error: Error: connect ECONNREFUSED ::1:3306","timestamp":"2024-05-23T10:11:44.655Z"}
{"level":"info","message":"Server running at 3007","timestamp":"2024-05-23T10:11:44.655Z"}
{"level":"info","message":"The connection to database was failed with error: Error: connect ECONNREFUSED ::1:3306","timestamp":"2024-05-23T10:12:54.693Z"}
{"level":"info","message":"Server running at 3007","timestamp":"2024-05-23T10:12:54.693Z"}
{"level":"info","message":"The connection to database was failed with error: Error: connect ECONNREFUSED ::1:3306","timestamp":"2024-05-23T10:43:10.564Z"}
{"level":"info","message":"Server running at 3007","timestamp":"2024-05-23T10:43:10.564Z"}
{"level":"info","message":"The connection to database was failed with error: Error: connect ECONNREFUSED ::1:3306","timestamp":"2024-05-23T10:47:32.943Z"}
{"level":"info","message":"Server running at 3007","timestamp":"2024-05-23T10:47:32.943Z"}
{"level":"info","message":"The connection to database was failed with error: Error: connect ECONNREFUSED ::1:3306","timestamp":"2024-05-23T10:47:38.276Z"}
{"level":"info","message":"Server running at 3007","timestamp":"2024-05-23T10:47:38.276Z"}
{"level":"info","message":"The connection to database was failed with error: Error: connect ECONNREFUSED ::1:3306","timestamp":"2024-05-23T10:48:24.342Z"}
{"level":"info","message":"Server running at 3007","timestamp":"2024-05-23T10:48:24.342Z"}
{"level":"info","message":"The connection to database was failed with error: Error: connect ECONNREFUSED ::1:3306","timestamp":"2024-05-23T10:50:42.485Z"}
{"level":"info","message":"Server running at 3007","timestamp":"2024-05-23T10:50:42.485Z"}
{"level":"info","message":"The connection to database was failed with error: Error: connect ECONNREFUSED ::1:3306","timestamp":"2024-05-23T11:47:52.562Z"}
{"level":"info","message":"Server running at 3007","timestamp":"2024-05-23T11:47:52.562Z"}
{"level":"info","message":"The connection to database was failed with error: Error: connect ECONNREFUSED ::1:3306","timestamp":"2024-05-23T13:19:02.180Z"}
{"level":"info","message":"Server running at 3007","timestamp":"2024-05-23T13:19:02.180Z"}
{"level":"info","message":"The connection to database was failed with error: Error: connect ECONNREFUSED ::1:3306","timestamp":"2024-05-23T13:19:21.321Z"}
{"level":"info","message":"Server running at 3007","timestamp":"2024-05-23T13:19:21.321Z"}
{"level":"info","message":"The connection to database was failed with error: Error: connect ECONNREFUSED ::1:3306","timestamp":"2024-05-23T13:39:55.802Z"}
{"level":"info","message":"Server running at 3007","timestamp":"2024-05-23T13:39:55.802Z"}
{"level":"info","message":"The connection to database was failed with error: Error: connect ECONNREFUSED ::1:3306","timestamp":"2024-05-23T13:40:09.747Z"}
{"level":"info","message":"Server running at 3007","timestamp":"2024-05-23T13:40:09.747Z"}
{"level":"info","message":"The connection to database was failed with error: Error: connect ECONNREFUSED ::1:3306","timestamp":"2024-05-23T16:23:58.687Z"}
{"level":"info","message":"Server running at 3007","timestamp":"2024-05-23T16:23:58.687Z"}
{"level":"info","message":"The connection to database was failed with error: Error: connect ECONNREFUSED ::1:3306","timestamp":"2024-05-24T03:10:26.632Z"}
{"level":"info","message":"Server running at 3007","timestamp":"2024-05-24T03:10:26.632Z"}
{"level":"info","message":"The connection to database was failed with error: Error: connect ECONNREFUSED ::1:3306","timestamp":"2024-05-24T03:10:47.290Z"}
{"level":"info","message":"Server running at 3007","timestamp":"2024-05-24T03:10:47.290Z"}
{"level":"info","message":"The connection to database was failed with error: Error: connect ECONNREFUSED ::1:3306","timestamp":"2024-05-24T03:11:46.406Z"}
{"level":"info","message":"Server running at 3007","timestamp":"2024-05-24T03:11:46.406Z"}
{"level":"info","message":"The connection to database was failed with error: Error: ER_BAD_DB_ERROR: Unknown database 'checking_token'","timestamp":"2024-05-24T09:55:06.292Z"}
{"level":"info","message":"Server running at 3007","timestamp":"2024-05-24T09:55:06.292Z"}
{"level":"info","message":"The connection to database was failed with error: Error: ER_BAD_DB_ERROR: Unknown database 'checking_token'","timestamp":"2024-05-24T09:57:19.674Z"}
{"level":"info","message":"Server running at 3007","timestamp":"2024-05-24T09:57:19.674Z"}
{"level":"info","message":"The connection to database was failed with error: Error: ER_BAD_DB_ERROR: Unknown database 'checking_token'","timestamp":"2024-05-24T10:05:17.678Z"}
{"level":"info","message":"Server running at 3007","timestamp":"2024-05-24T10:05:17.678Z"}
{"level":"info","message":"Connect to database successfully","timestamp":"2024-05-24T15:39:50.567Z"}
{"level":"info","message":"Server running at 3007","timestamp":"2024-05-24T15:39:50.567Z"}
{"level":"info","message":"Connect to database successfully","timestamp":"2024-05-24T15:47:09.579Z"}
{"level":"info","message":"Server running at 3007","timestamp":"2024-05-24T15:47:09.579Z"}
{"level":"info","message":"Connect to database successfully","timestamp":"2024-05-24T15:51:09.048Z"}
{"level":"info","message":"Server running at 3007","timestamp":"2024-05-24T15:51:09.048Z"}
{"level":"info","message":"Connect to database successfully","timestamp":"2024-05-24T15:53:43.049Z"}
{"level":"info","message":"Server running at 3007","timestamp":"2024-05-24T15:53:43.049Z"}
{"level":"info","message":"Connect to database successfully","timestamp":"2024-05-24T16:05:53.812Z"}
{"level":"info","message":"Server running at 3007","timestamp":"2024-05-24T16:05:53.812Z"}
{"level":"info","message":"Connect to database successfully","timestamp":"2024-05-25T08:06:28.280Z"}
{"level":"info","message":"Server running at 3007","timestamp":"2024-05-25T08:06:28.280Z"}
{"level":"info","message":"Connect to database successfully","timestamp":"2024-05-25T08:06:35.192Z"}
{"level":"info","message":"Server running at 3007","timestamp":"2024-05-25T08:06:35.192Z"}
{"level":"info","message":"Connect to database successfully","timestamp":"2024-05-25T08:11:29.851Z"}
{"level":"info","message":"Server running at 3007","timestamp":"2024-05-25T08:11:29.851Z"}
{"level":"info","message":"The connection to database was failed with error: QueryFailedError: ER_NO_DEFAULT_FOR_FIELD: Field 'created_at' doesn't have a default value","timestamp":"2024-05-25T10:02:17.812Z"}
{"level":"info","message":"Server running at 3007","timestamp":"2024-05-25T10:02:17.812Z"}
{"level":"info","message":"The connection to database was failed with error: TSError: тип Unable to compile TypeScript:\n\u001b[96msrc/migrations/1716627142243-SeedTokenTable.ts\u001b[0m:\u001b[93m3\u001b[0m:\u001b[93m27\u001b[0m - \u001b[91merror\u001b[0m\u001b[90m TS2306: \u001b[0mFile '/Users/vuviet/Desktop/Code/tele-alerts/src/seeds/token.seed.ts' is not a module.\n\n\u001b[7m3\u001b[0m import { tokenSeed } from \"../seeds/token.seed\";\n\u001b[7m \u001b[0m \u001b[91m                          ~~~~~~~~~~~~~~~~~~~~~\u001b[0m\n","timestamp":"2024-05-25T10:02:25.311Z"}
{"level":"info","message":"Server running at 3007","timestamp":"2024-05-25T10:02:25.311Z"}
{"level":"info","message":"Connect to database successfully","timestamp":"2024-05-25T10:04:43.701Z"}
{"level":"info","message":"Server running at 3007","timestamp":"2024-05-25T10:04:43.701Z"}
{"level":"info","message":"Connect to database successfully","timestamp":"2024-05-25T10:31:40.001Z"}
{"level":"info","message":"Server running at 3007","timestamp":"2024-05-25T10:31:40.001Z"}
{"level":"info","message":"Connect to database successfully","timestamp":"2024-05-25T10:35:32.056Z"}
{"level":"info","message":"Server running at 3007","timestamp":"2024-05-25T10:35:32.056Z"}
{"level":"info","message":"Connect to database successfully","timestamp":"2024-05-25T10:40:21.127Z"}
{"level":"info","message":"Server running at 3007","timestamp":"2024-05-25T10:40:21.127Z"}
{"level":"info","message":"Connect to database successfully","timestamp":"2024-05-25T10:43:19.550Z"}
{"level":"info","message":"Server running at 3007","timestamp":"2024-05-25T10:43:19.550Z"}
{"level":"info","message":"Connect to database successfully","timestamp":"2024-05-25T10:45:30.329Z"}
{"level":"info","message":"Server running at 3007","timestamp":"2024-05-25T10:45:30.329Z"}
{"level":"info","message":"Connect to database successfully","timestamp":"2024-05-25T10:50:12.299Z"}
{"level":"info","message":"Server running at 3007","timestamp":"2024-05-25T10:50:12.299Z"}
{"level":"info","message":"Connect to database successfully","timestamp":"2024-05-25T10:51:03.315Z"}
{"level":"info","message":"Server running at 3007","timestamp":"2024-05-25T10:51:03.315Z"}
{"level":"info","message":"The connection to database was failed with error: Error: ER_NOT_SUPPORTED_AUTH_MODE: Client does not support authentication protocol requested by server; consider upgrading MySQL client","timestamp":"2024-05-25T15:49:07.144Z"}
{"level":"info","message":"Server running at 3007","timestamp":"2024-05-25T15:49:07.144Z"}
{"level":"info","message":"The connection to database was failed with error: QueryFailedError: Unknown column 'created_at' in 'field list'","timestamp":"2024-05-25T15:56:07.955Z"}
{"level":"info","message":"Server running at 3007","timestamp":"2024-05-25T15:56:07.955Z"}
{"level":"info","message":"Connect to database successfully","timestamp":"2024-05-25T16:50:11.263Z"}
{"level":"info","message":"Server running at 3007","timestamp":"2024-05-25T16:50:11.263Z"}
{"level":"info","message":"Connect to database successfully","timestamp":"2024-05-25T16:53:34.791Z"}
{"level":"info","message":"Server running at 3007","timestamp":"2024-05-25T16:53:34.791Z"}
{"level":"info","message":"Connect to database successfully","timestamp":"2024-05-25T16:56:26.533Z"}
{"level":"info","message":"Server running at 3007","timestamp":"2024-05-25T16:56:26.533Z"}
{"level":"info","message":"Connect to database successfully","timestamp":"2024-05-25T16:59:01.153Z"}
{"level":"info","message":"Server running at 3007","timestamp":"2024-05-25T16:59:01.153Z"}
{"level":"info","message":"Connect to database successfully","timestamp":"2024-05-25T17:00:40.242Z"}
{"level":"info","message":"Server running at 3007","timestamp":"2024-05-25T17:00:40.242Z"}
{"level":"info","message":"Connect to database successfully","timestamp":"2024-05-25T17:01:56.513Z"}
{"level":"info","message":"Server running at 3007","timestamp":"2024-05-25T17:01:56.513Z"}
{"level":"info","message":"Connect to database successfully","timestamp":"2024-05-25T17:03:02.979Z"}
{"level":"info","message":"Server running at 3007","timestamp":"2024-05-25T17:03:02.979Z"}
{"level":"info","message":"Connect to database successfully","timestamp":"2024-05-25T17:03:57.859Z"}
{"level":"info","message":"Server running at 3007","timestamp":"2024-05-25T17:03:57.859Z"}
{"level":"info","message":"Connect to database successfully","timestamp":"2024-05-25T17:06:46.179Z"}
{"level":"info","message":"Server running at 3007","timestamp":"2024-05-25T17:06:46.179Z"}
{"level":"info","message":"Connect to database successfully","timestamp":"2024-05-25T17:07:41.794Z"}
{"level":"info","message":"Server running at 3007","timestamp":"2024-05-25T17:07:41.794Z"}
{"level":"info","message":"Connect to database successfully","timestamp":"2024-05-25T17:08:01.629Z"}
{"level":"info","message":"Server running at 3007","timestamp":"2024-05-25T17:08:01.629Z"}
{"level":"info","message":"The connection to database was failed with error: Error: connect ECONNREFUSED ::1:3306","timestamp":"2024-05-26T03:06:20.137Z"}
{"level":"info","message":"Server running at 3007","timestamp":"2024-05-26T03:06:20.137Z"}
{"level":"info","message":"Connect to database successfully","timestamp":"2024-05-26T03:35:07.751Z"}
{"level":"info","message":"Server running at 3007","timestamp":"2024-05-26T03:35:07.751Z"}
{"level":"info","message":"Connect to database successfully","timestamp":"2024-05-26T03:43:37.680Z"}
{"level":"info","message":"Server running at 3007","timestamp":"2024-05-26T03:43:37.680Z"}
{"level":"info","message":"Connect to database successfully","timestamp":"2024-05-26T03:46:57.138Z"}
{"level":"info","message":"Server running at 3007","timestamp":"2024-05-26T03:46:57.138Z"}
{"level":"info","message":"Connect to database successfully","timestamp":"2024-05-26T03:59:26.950Z"}
{"level":"info","message":"Server running at 3007","timestamp":"2024-05-26T03:59:26.950Z"}
{"level":"info","message":"Connect to database successfully","timestamp":"2024-05-26T04:47:30.273Z"}
{"level":"info","message":"Server running at 3007","timestamp":"2024-05-26T04:47:30.273Z"}
{"level":"info","message":"The connection to database was failed with error: TSError: тип Unable to compile TypeScript:\n\u001b[96msrc/seeds/user.seed.ts\u001b[0m:\u001b[93m1\u001b[0m:\u001b[93m20\u001b[0m - \u001b[91merror\u001b[0m\u001b[90m TS7016: \u001b[0mCould not find a declaration file for module 'bcrypt'. 'D:/3.Code/tele-alerts/node_modules/.pnpm/bcrypt@5.1.1/node_modules/bcrypt/bcrypt.js' implicitly has an 'any' type.\r\n  Try `npm i --save-dev @types/bcrypt` if it exists or add a new declaration (.d.ts) file containing `declare module 'bcrypt';`\r\n\r\n\u001b[7m1\u001b[0m import bcrypt from \"bcrypt\";\r\n\u001b[7m \u001b[0m \u001b[91m                   ~~~~~~~~\u001b[0m\r\n","timestamp":"2024-05-26T11:11:29.457Z"}
{"level":"info","message":"Server running at 3007","timestamp":"2024-05-26T11:11:29.457Z"}
{"level":"info","message":"Connect to database successfully","timestamp":"2024-05-26T11:13:15.579Z"}
{"level":"info","message":"Server running at 3007","timestamp":"2024-05-26T11:13:15.579Z"}
{"level":"info","message":"Connect to database successfully","timestamp":"2024-05-26T11:22:52.282Z"}
{"level":"info","message":"Server running at 3007","timestamp":"2024-05-26T11:22:52.282Z"}
{"level":"info","message":"The connection to database was failed with error: Error: connect ECONNREFUSED 127.0.0.1:3306","timestamp":"2024-05-29T01:29:00.885Z"}
{"level":"info","message":"Server running at 3007","timestamp":"2024-05-29T01:29:00.885Z"}
{"level":"info","message":"The connection to database was failed with error: Error: connect ECONNREFUSED 127.0.0.1:3306","timestamp":"2024-05-29T01:36:37.115Z"}
{"level":"info","message":"Server running at 3007","timestamp":"2024-05-29T01:36:37.115Z"}
{"level":"info","message":"The connection to database was failed with error: Error: connect ECONNREFUSED 127.0.0.1:3306","timestamp":"2024-05-29T15:22:58.599Z"}
{"level":"info","message":"Server running at 3007","timestamp":"2024-05-29T15:22:58.599Z"}
{"level":"info","message":"The connection to database was failed with error: Error: connect ECONNREFUSED 127.0.0.1:3306","timestamp":"2024-05-29T15:23:13.497Z"}
{"level":"info","message":"Server running at 3007","timestamp":"2024-05-29T15:23:13.497Z"}
{"level":"info","message":"The connection to database was failed with error: Error: connect ECONNREFUSED 127.0.0.1:3306","timestamp":"2024-05-29T15:24:03.828Z"}
{"level":"info","message":"Server running at 3007","timestamp":"2024-05-29T15:24:03.828Z"}
{"level":"info","message":"The connection to database was failed with error: Error: connect ECONNREFUSED 127.0.0.1:3306","timestamp":"2024-05-29T15:24:08.122Z"}
{"level":"info","message":"Server running at 3007","timestamp":"2024-05-29T15:24:08.122Z"}
{"level":"info","message":"The connection to database was failed with error: Error: connect ECONNREFUSED 127.0.0.1:3306","timestamp":"2024-05-30T01:27:28.899Z"}
{"level":"info","message":"Server running at 3007","timestamp":"2024-05-30T01:27:28.899Z"}
